This is pdfTeX, Version 3.141592653-2.6-1.40.25 (MiKTeX 23.5) (preloaded format=latex 2023.12.14)  14 DEC 2023 10:49
entering extended mode
 restricted \write18 enabled.
 %&-line parsing enabled.
**./2bitmultiplier.eps
(2bitmultiplier.eps
LaTeX2e <2023-06-01> patch level 1
L3 programming layer <2023-08-11>

! LaTeX Error: Missing \begin{document}.

See the LaTeX manual or LaTeX Companion for explanation.
Type  H <return>  for immediate help.
 ...                                              
                                                  
l.10 /
      cairo_eps_state save def
? 
Missing character: There is no / in font nullfont!
Missing character: There is no c in font nullfont!
Missing character: There is no a in font nullfont!
Missing character: There is no i in font nullfont!
Missing character: There is no r in font nullfont!
Missing character: There is no o in font nullfont!
! Missing $ inserted.
<inserted text> 
                $
l.10 /cairo_
            eps_state save def
? 
! Emergency stop.
<inserted text> 
                $
l.10 /cairo_
            eps_state save def
End of file on the terminal!

 
Here is how much of TeX's memory you used:
 19 strings out of 475504
 563 string characters out of 5761859
 1916245 words of memory out of 5000000
 21387 multiletter control sequences out of 15000+600000
 558069 words of font info for 36 fonts, out of 8000000 for 9000
 1141 hyphenation exceptions out of 8191
 15i,0n,18p,81b,14s stack positions out of 10000i,1000n,20000p,200000b,200000s
No pages of output.
